Using pre-set license
Built from '2021.3/release' branch; Version is '2021.3.12f1 (8af3c3e441b1) revision 9106371'; Using compiler version '192829333'; Build Type 'Release'
OS: 'Windows 10  (10.0.19043) 64bit Core' Language: 'en' Physical Memory: 8071 MB
BatchMode: 1, IsHumanControllingUs: 0, StartBugReporterOnCrash: 0, Is64bit: 1, IsPro: 1

COMMAND LINE ARGUMENTS:
C:\Program Files\Unity\Hub\Editor\2021.3.12f1\Editor\Unity.exe
-adb2
-batchMode
-noUpm
-name
AssetImportWorker0
-projectPath
C:/LocalRepo/FPSGame/FPS Game
-logFile
Logs/AssetImportWorker0.log
-srvPort
61988
Successfully changed project path to: C:/LocalRepo/FPSGame/FPS Game
C:/LocalRepo/FPSGame/FPS Game
[UnityMemory] Configuration Parameters - Can be set up in boot.config
    "memorysetup-bucket-allocator-granularity=16"
    "memorysetup-bucket-allocator-bucket-count=8"
    "memorysetup-bucket-allocator-block-size=33554432"
    "memorysetup-bucket-allocator-block-count=8"
    "memorysetup-main-allocator-block-size=16777216"
    "memorysetup-thread-allocator-block-size=16777216"
    "memorysetup-gfx-main-allocator-block-size=16777216"
    "memorysetup-gfx-thread-allocator-block-size=16777216"
    "memorysetup-cache-allocator-block-size=4194304"
    "memorysetup-typetree-allocator-block-size=2097152"
    "memorysetup-profiler-bucket-allocator-granularity=16"
    "memorysetup-profiler-bucket-allocator-bucket-count=8"
    "memorysetup-profiler-bucket-allocator-block-size=33554432"
    "memorysetup-profiler-bucket-allocator-block-count=8"
    "memorysetup-profiler-allocator-block-size=16777216"
    "memorysetup-profiler-editor-allocator-block-size=1048576"
    "memorysetup-temp-allocator-size-main=16777216"
    "memorysetup-job-temp-allocator-block-size=2097152"
    "memorysetup-job-temp-allocator-block-size-background=1048576"
    "memorysetup-job-temp-allocator-reduction-small-platforms=262144"
    "memorysetup-temp-allocator-size-background-worker=32768"
    "memorysetup-temp-allocator-size-job-worker=262144"
    "memorysetup-temp-allocator-size-preload-manager=33554432"
    "memorysetup-temp-allocator-size-nav-mesh-worker=65536"
    "memorysetup-temp-allocator-size-audio-worker=65536"
    "memorysetup-temp-allocator-size-cloud-worker=32768"
    "memorysetup-temp-allocator-size-gi-baking-worker=262144"
    "memorysetup-temp-allocator-size-gfx=262144"
Refreshing native plugins compatible for Editor in 64.44 ms, found 2 plugins.
Preloading 0 native plugins for Editor in 0.00 ms.
Initialize engine version: 2021.3.12f1 (8af3c3e441b1)
[Subsystems] Discovering subsystems at path C:/Program Files/Unity/Hub/Editor/2021.3.12f1/Editor/Data/Resources/UnitySubsystems
[Subsystems] Discovering subsystems at path C:/LocalRepo/FPSGame/FPS Game/Assets
GfxDevice: creating device client; threaded=0; jobified=0
Direct3D:
    Version:  Direct3D 11.0 [level 11.1]
    Renderer: Intel(R) HD Graphics 520 (ID=0x1916)
    Vendor:   Intel
    VRAM:     4035 MB
    Driver:   20.19.15.4326
Initialize mono
Mono path[0] = 'C:/Program Files/Unity/Hub/Editor/2021.3.12f1/Editor/Data/Managed'
Mono path[1] = 'C:/Program Files/Unity/Hub/Editor/2021.3.12f1/Editor/Data/MonoBleedingEdge/lib/mono/unityjit-win32'
Mono config path = 'C:/Program Files/Unity/Hub/Editor/2021.3.12f1/Editor/Data/MonoBleedingEdge/etc'
Using monoOptions --debugger-agent=transport=dt_socket,embedding=1,server=y,suspend=n,address=127.0.0.1:56092
Begin MonoManager ReloadAssembly
Registering precompiled unity dll's ...
Register platform support module: C:/Program Files/Unity/Hub/Editor/2021.3.12f1/Editor/Data/PlaybackEngines/WebGLSupport/UnityEditor.WebGL.Extensions.dll
Register platform support module: C:/Program Files/Unity/Hub/Editor/2021.3.12f1/Editor/Data/PlaybackEngines/WindowsStandaloneSupport/UnityEditor.WindowsStandalone.Extensions.dll
Registered in 0.011944 seconds.
Native extension for WindowsStandalone target not found
Native extension for WebGL target not found
Refreshing native plugins compatible for Editor in 63.60 ms, found 2 plugins.
Preloading 0 native plugins for Editor in 0.00 ms.
Mono: successfully reloaded assembly
- Completed reload, in  0.892 seconds
Domain Reload Profiling:
	ReloadAssembly (893ms)
		BeginReloadAssembly (126ms)
			ExecutionOrderSort (0ms)
			DisableScriptedObjects (0ms)
			BackupInstance (0ms)
			ReleaseScriptingObjects (0ms)
			CreateAndSetChildDomain (1ms)
		EndReloadAssembly (587ms)
			LoadAssemblies (123ms)
			RebuildTransferFunctionScriptingTraits (0ms)
			SetupTypeCache (155ms)
			ReleaseScriptCaches (0ms)
			RebuildScriptCaches (38ms)
			SetupLoadedEditorAssemblies (327ms)
				LogAssemblyErrors (0ms)
				InitializePlatformSupportModulesInManaged (13ms)
				SetLoadedEditorAssemblies (0ms)
				RefreshPlugins (64ms)
				BeforeProcessingInitializeOnLoad (2ms)
				ProcessInitializeOnLoadAttributes (189ms)
				ProcessInitializeOnLoadMethodAttributes (59ms)
				AfterProcessingInitializeOnLoad (0ms)
				EditorAssembliesLoaded (0ms)
			ExecutionOrderSort2 (0ms)
			AwakeInstancesAfterBackupRestoration (0ms)
Platform modules already initialized, skipping
Registering precompiled user dll's ...
Registered in 0.010379 seconds.
Begin MonoManager ReloadAssembly
Native extension for WindowsStandalone target not found
Native extension for WebGL target not found
Refreshing native plugins compatible for Editor in 1.01 ms, found 2 plugins.
Preloading 0 native plugins for Editor in 0.00 ms.
Mono: successfully reloaded assembly
- Completed reload, in  1.412 seconds
Domain Reload Profiling:
	ReloadAssembly (1413ms)
		BeginReloadAssembly (152ms)
			ExecutionOrderSort (0ms)
			DisableScriptedObjects (7ms)
			BackupInstance (0ms)
			ReleaseScriptingObjects (0ms)
			CreateAndSetChildDomain (29ms)
		EndReloadAssembly (1072ms)
			LoadAssemblies (111ms)
			RebuildTransferFunctionScriptingTraits (0ms)
			SetupTypeCache (359ms)
			ReleaseScriptCaches (1ms)
			RebuildScriptCaches (88ms)
			SetupLoadedEditorAssemblies (451ms)
				LogAssemblyErrors (0ms)
				InitializePlatformSupportModulesInManaged (10ms)
				SetLoadedEditorAssemblies (1ms)
				RefreshPlugins (1ms)
				BeforeProcessingInitializeOnLoad (85ms)
				ProcessInitializeOnLoadAttributes (288ms)
				ProcessInitializeOnLoadMethodAttributes (54ms)
				AfterProcessingInitializeOnLoad (11ms)
				EditorAssembliesLoaded (0ms)
			ExecutionOrderSort2 (0ms)
			AwakeInstancesAfterBackupRestoration (9ms)
Platform modules already initialized, skipping
========================================================================
Worker process is ready to serve import requests
Launched and connected shader compiler UnityShaderCompiler.exe after 0.08 seconds
Refreshing native plugins compatible for Editor in 22.27 ms, found 2 plugins.
Preloading 0 native plugins for Editor in 0.00 ms.
Unloading 2080 Unused Serialized files (Serialized files now loaded: 0)
Unloading 43 unused Assets / (1.4 MB). Loaded Objects now: 2541.
Memory consumption went from 170.6 MB to 169.3 MB.
Total: 6.766100 ms (FindLiveObjects: 0.500000 ms CreateObjectMapping: 0.303400 ms MarkObjects: 5.134200 ms  DeleteObjects: 0.826700 ms)

AssetImportParameters requested are different than current active one (requested -> active):
  custom:video-decoder-ogg-theora: a1e56fd34408186e4bbccfd4996cb3dc -> 
  custom:container-muxer-webm: aa71ff27fc2769a1b78a27578f13a17b -> 
  custom:container-demuxer-webm: 4f35f7cbe854078d1ac9338744f61a02 -> 
  custom:video-encoder-webm-vp8: eb34c28f22e8b96e1ab97ce403110664 -> 
  custom:video-codec-MediaFoundation-h265: 746d11721c4dcdbdad8f713fa42b33f4 -> 
  custom:audio-encoder-webm-vorbis: bf7c407c2cedff20999df2af8eb42d56 -> 
  custom:framework-win-MediaFoundation: 216162199b28c13a410421893ffa2e32 -> 
  custom:container-demuxer-ogg: 62fdf1f143b41e24485cea50d1cbac27 -> 
  custom:video-decoder-webm-vp8: 9c59270c3fd7afecdb556c50c9e8de78 -> 
  custom:audio-decoder-ogg-vorbis: bf7c407c2cedff20999df2af8eb42d56 -> 
========================================================================
Received Import Request.
  Time since last request: 1220627.683750 seconds.
  path: Assets/PolygonBattleRoyale/Models/SM_Prop_WeaponCase_01.fbx
  artifactKey: Guid(678da64fbb9b6784bb18b7789deaf2c5) Importer(815301076,1909f56bfc062723c751e8b465ee728b)
Start importing Assets/PolygonBattleRoyale/Models/SM_Prop_WeaponCase_01.fbx using Guid(678da64fbb9b6784bb18b7789deaf2c5) Importer(815301076,1909f56bfc062723c751e8b465ee728b)  -> (artifact id: 'cc4dd29f0bf66c9405e3f7c8d61b562c') in 0.320107 seconds 
========================================================================
Received Import Request.
  Time since last request: 0.000056 seconds.
  path: Assets/PolygonBattleRoyale/Prefabs/Weapons/SM_Wep_Pistol_Bullet_01.prefab
  artifactKey: Guid(9643aebe3b164bc4cae610a164fe007a) Importer(815301076,1909f56bfc062723c751e8b465ee728b)
Start importing Assets/PolygonBattleRoyale/Prefabs/Weapons/SM_Wep_Pistol_Bullet_01.prefab using Guid(9643aebe3b164bc4cae610a164fe007a) Importer(815301076,1909f56bfc062723c751e8b465ee728b)  -> (artifact id: 'e648542986b48d3163590cd2d9458a60') in 0.113435 seconds 
========================================================================
Received Import Request.
  Time since last request: 0.000033 seconds.
  path: Assets/PolygonBattleRoyale/Prefabs/Weapons/SM_Wep_Rifle_Assault_03.prefab
  artifactKey: Guid(6745051c9fe818d489695642115ceb0d) Importer(815301076,1909f56bfc062723c751e8b465ee728b)
Start importing Assets/PolygonBattleRoyale/Prefabs/Weapons/SM_Wep_Rifle_Assault_03.prefab using Guid(6745051c9fe818d489695642115ceb0d) Importer(815301076,1909f56bfc062723c751e8b465ee728b)  -> (artifact id: '1a4287206d36a39e8c9ef41e7e18a579') in 0.092071 seconds 
========================================================================
Received Import Request.
  Time since last request: 0.000028 seconds.
  path: Assets/PolygonBattleRoyale/Prefabs/Props/SM_Prop_WeaponCase_01.prefab
  artifactKey: Guid(bdc7086548c698e4bb132c6fa1c872d4) Importer(815301076,1909f56bfc062723c751e8b465ee728b)
Start importing Assets/PolygonBattleRoyale/Prefabs/Props/SM_Prop_WeaponCase_01.prefab using Guid(bdc7086548c698e4bb132c6fa1c872d4) Importer(815301076,1909f56bfc062723c751e8b465ee728b)  -> (artifact id: 'de666de099de51607155f8a1a97e8e06') in 0.128590 seconds 
========================================================================
Received Import Request.
  Time since last request: 0.000033 seconds.
  path: Assets/PolygonBattleRoyale/Prefabs/Weapons/SM_Wep_Grenade_Ammo_01.prefab
  artifactKey: Guid(fe347a2e8265ecb429049be8492d4ff9) Importer(815301076,1909f56bfc062723c751e8b465ee728b)
Start importing Assets/PolygonBattleRoyale/Prefabs/Weapons/SM_Wep_Grenade_Ammo_01.prefab using Guid(fe347a2e8265ecb429049be8492d4ff9) Importer(815301076,1909f56bfc062723c751e8b465ee728b)  -> (artifact id: '3fb9ad8c6ecc47fc6a681c118d770a1b') in 0.087302 seconds 
========================================================================
Received Import Request.
  Time since last request: 0.000033 seconds.
  path: Assets/PolygonBattleRoyale/Prefabs/Weapons/SM_Wep_Rifle_Assault_02.prefab
  artifactKey: Guid(f68f19ab55ee89d4bb00eaa083ab7849) Importer(815301076,1909f56bfc062723c751e8b465ee728b)
Start importing Assets/PolygonBattleRoyale/Prefabs/Weapons/SM_Wep_Rifle_Assault_02.prefab using Guid(f68f19ab55ee89d4bb00eaa083ab7849) Importer(815301076,1909f56bfc062723c751e8b465ee728b)  -> (artifact id: '593c514e8d5f2291456a9687c1a4b194') in 0.118443 seconds 
========================================================================
Received Import Request.
  Time since last request: 0.000027 seconds.
  path: Assets/PolygonBattleRoyale/Prefabs/Weapons/SM_Wep_Grenade_Ammo_Pile_01.prefab
  artifactKey: Guid(b9f9a02dbcc1eec40b1c36b103ecd139) Importer(815301076,1909f56bfc062723c751e8b465ee728b)
Start importing Assets/PolygonBattleRoyale/Prefabs/Weapons/SM_Wep_Grenade_Ammo_Pile_01.prefab using Guid(b9f9a02dbcc1eec40b1c36b103ecd139) Importer(815301076,1909f56bfc062723c751e8b465ee728b)  -> (artifact id: 'b32f31bec6dda75df02438d75e93a80e') in 0.090658 seconds 
========================================================================
Received Import Request.
  Time since last request: 0.000114 seconds.
  path: Assets/PolygonBattleRoyale/Prefabs/Weapons/SM_Wep_RiotShield_01.prefab
  artifactKey: Guid(6d681d8c0b8ff204ea958a229a248b39) Importer(815301076,1909f56bfc062723c751e8b465ee728b)
Start importing Assets/PolygonBattleRoyale/Prefabs/Weapons/SM_Wep_RiotShield_01.prefab using Guid(6d681d8c0b8ff204ea958a229a248b39) Importer(815301076,1909f56bfc062723c751e8b465ee728b)  -> (artifact id: '6b05d507e5a7812650fa2e98c1f2f0da') in 0.107862 seconds 
========================================================================
Received Import Request.
  Time since last request: 0.000034 seconds.
  path: Assets/PolygonBattleRoyale/Prefabs/Weapons/SM_Wep_Machete_01.prefab
  artifactKey: Guid(9023a47e211f9384aa25b0a32a008f0f) Importer(815301076,1909f56bfc062723c751e8b465ee728b)
Start importing Assets/PolygonBattleRoyale/Prefabs/Weapons/SM_Wep_Machete_01.prefab using Guid(9023a47e211f9384aa25b0a32a008f0f) Importer(815301076,1909f56bfc062723c751e8b465ee728b)  -> (artifact id: '201332c562428d62e3161b342326a449') in 0.132493 seconds 
========================================================================
Received Import Request.
  Time since last request: 0.000023 seconds.
  path: Assets/PolygonBattleRoyale/Prefabs/Weapons/SM_Wep_Bullet_Ammo_01.prefab
  artifactKey: Guid(4700ce61fd21e32439977dd4e8211f37) Importer(815301076,1909f56bfc062723c751e8b465ee728b)
Start importing Assets/PolygonBattleRoyale/Prefabs/Weapons/SM_Wep_Bullet_Ammo_01.prefab using Guid(4700ce61fd21e32439977dd4e8211f37) Importer(815301076,1909f56bfc062723c751e8b465ee728b)  -> (artifact id: 'fc66979fef578710f7b5144f9b99d190') in 0.091051 seconds 
========================================================================
Received Import Request.
  Time since last request: 0.000028 seconds.
  path: Assets/PolygonBattleRoyale/Prefabs/Weapons
  artifactKey: Guid(767f956433f12794283dbcc144d09d9c) Importer(815301076,1909f56bfc062723c751e8b465ee728b)
Start importing Assets/PolygonBattleRoyale/Prefabs/Weapons using Guid(767f956433f12794283dbcc144d09d9c) Importer(815301076,1909f56bfc062723c751e8b465ee728b)  -> (artifact id: '5796636862e46be42e7d134d0046e2b9') in 0.022372 seconds 
========================================================================
Received Import Request.
  Time since last request: 0.000085 seconds.
  path: Assets/PolygonBattleRoyale/Prefabs/Weapons/SM_Wep_Crosshair_04.prefab
  artifactKey: Guid(58ac91c2327b1cb4992fcea350e226c4) Importer(815301076,1909f56bfc062723c751e8b465ee728b)
Start importing Assets/PolygonBattleRoyale/Prefabs/Weapons/SM_Wep_Crosshair_04.prefab using Guid(58ac91c2327b1cb4992fcea350e226c4) Importer(815301076,1909f56bfc062723c751e8b465ee728b)  -> (artifact id: 'dfde724300b2b2656e299b166a0205b3') in 0.126302 seconds 
========================================================================
Received Import Request.
  Time since last request: 0.000072 seconds.
  path: Assets/PolygonBattleRoyale/Prefabs/Weapons/SM_Wep_Crowbar_01.prefab
  artifactKey: Guid(e836a075ea7fb4948a5ac07f447e206d) Importer(815301076,1909f56bfc062723c751e8b465ee728b)
Start importing Assets/PolygonBattleRoyale/Prefabs/Weapons/SM_Wep_Crowbar_01.prefab using Guid(e836a075ea7fb4948a5ac07f447e206d) Importer(815301076,1909f56bfc062723c751e8b465ee728b)  -> (artifact id: '3ec0895a0ed8c96d5b634900b9094aba') in 0.099469 seconds 
========================================================================
Received Import Request.
  Time since last request: 0.000027 seconds.
  path: Assets/PolygonBattleRoyale/Prefabs/Weapons/SM_Wep_Pistol_Ammo_Pile_01.prefab
  artifactKey: Guid(f2b73a5ff7f548340ba0a4ffd857859c) Importer(815301076,1909f56bfc062723c751e8b465ee728b)
Start importing Assets/PolygonBattleRoyale/Prefabs/Weapons/SM_Wep_Pistol_Ammo_Pile_01.prefab using Guid(f2b73a5ff7f548340ba0a4ffd857859c) Importer(815301076,1909f56bfc062723c751e8b465ee728b)  -> (artifact id: 'b104f75307e851423f12ceacd1b9fbe7') in 0.089450 seconds 
========================================================================
Received Import Request.
  Time since last request: 0.000134 seconds.
  path: Assets/PolygonBattleRoyale/Prefabs/Weapons/SM_Wep_Pickaxe_01.prefab
  artifactKey: Guid(7da2ab92a3d002547933b538f4ef3d4c) Importer(815301076,1909f56bfc062723c751e8b465ee728b)
Start importing Assets/PolygonBattleRoyale/Prefabs/Weapons/SM_Wep_Pickaxe_01.prefab using Guid(7da2ab92a3d002547933b538f4ef3d4c) Importer(815301076,1909f56bfc062723c751e8b465ee728b)  -> (artifact id: 'dc7237e775eb0beb05c5940ed8d65ec6') in 0.097281 seconds 
========================================================================
Received Import Request.
  Time since last request: 0.000026 seconds.
  path: Assets/PolygonBattleRoyale/Prefabs/Weapons/SM_Wep_Pistol_Revolver_01.prefab
  artifactKey: Guid(6993fd0e7237f024e80f00288eb435cd) Importer(815301076,1909f56bfc062723c751e8b465ee728b)
Start importing Assets/PolygonBattleRoyale/Prefabs/Weapons/SM_Wep_Pistol_Revolver_01.prefab using Guid(6993fd0e7237f024e80f00288eb435cd) Importer(815301076,1909f56bfc062723c751e8b465ee728b)  -> (artifact id: '17f0a1e9bdf66d0752fbf3ae29fa77ea') in 0.094029 seconds 
========================================================================
Received Import Request.
  Time since last request: 0.000029 seconds.
  path: Assets/PolygonBattleRoyale/Prefabs/Weapons/SM_Wep_Pan_01.prefab
  artifactKey: Guid(3e423096e91b7cb4880f4621cd70d11a) Importer(815301076,1909f56bfc062723c751e8b465ee728b)
Start importing Assets/PolygonBattleRoyale/Prefabs/Weapons/SM_Wep_Pan_01.prefab using Guid(3e423096e91b7cb4880f4621cd70d11a) Importer(815301076,1909f56bfc062723c751e8b465ee728b)  -> (artifact id: '94ca4ae3640069ab14711c69d5c6bef7') in 0.112890 seconds 
========================================================================
Received Import Request.
  Time since last request: 0.000036 seconds.
  path: Assets/PolygonBattleRoyale/Prefabs/Weapons/SM_Wep_Bullet_Ammo_Pile_01.prefab
  artifactKey: Guid(115ce5ae47080404fa1d5d8549a2a2a5) Importer(815301076,1909f56bfc062723c751e8b465ee728b)
Start importing Assets/PolygonBattleRoyale/Prefabs/Weapons/SM_Wep_Bullet_Ammo_Pile_01.prefab using Guid(115ce5ae47080404fa1d5d8549a2a2a5) Importer(815301076,1909f56bfc062723c751e8b465ee728b)  -> (artifact id: 'c03f16e65c1dcbe162d3cd36bf8eab2e') in 0.090796 seconds 
========================================================================
Received Import Request.
  Time since last request: 0.000053 seconds.
  path: Assets/PolygonBattleRoyale/Prefabs/Weapons/SM_Wep_Crosshair_03.prefab
  artifactKey: Guid(586bb7eb152304c49b7fc8d4f71bec36) Importer(815301076,1909f56bfc062723c751e8b465ee728b)
Start importing Assets/PolygonBattleRoyale/Prefabs/Weapons/SM_Wep_Crosshair_03.prefab using Guid(586bb7eb152304c49b7fc8d4f71bec36) Importer(815301076,1909f56bfc062723c751e8b465ee728b)  -> (artifact id: '460e4ea51cc7855c246e0b4ef539b411') in 0.103519 seconds 
========================================================================
Received Import Request.
  Time since last request: 0.000026 seconds.
  path: Assets/PolygonBattleRoyale/Prefabs/Weapons/SM_Wep_Pistol_Heavy_01.prefab
  artifactKey: Guid(68317e2c4c57a6e45be7063240f91cbb) Importer(815301076,1909f56bfc062723c751e8b465ee728b)
Start importing Assets/PolygonBattleRoyale/Prefabs/Weapons/SM_Wep_Pistol_Heavy_01.prefab using Guid(68317e2c4c57a6e45be7063240f91cbb) Importer(815301076,1909f56bfc062723c751e8b465ee728b)  -> (artifact id: '56e0585e9462f93b6ee6368b2b2e0c6d') in 0.108537 seconds 
========================================================================
Received Import Request.
  Time since last request: 0.000031 seconds.
  path: Assets/PolygonBattleRoyale/Prefabs/Weapons/SM_Wep_Bullet_Ammo_02.prefab
  artifactKey: Guid(ff7d6dbf412c3944d8d4ca0ae3fe1fc2) Importer(815301076,1909f56bfc062723c751e8b465ee728b)
Start importing Assets/PolygonBattleRoyale/Prefabs/Weapons/SM_Wep_Bullet_Ammo_02.prefab using Guid(ff7d6dbf412c3944d8d4ca0ae3fe1fc2) Importer(815301076,1909f56bfc062723c751e8b465ee728b)  -> (artifact id: '013c90d243e5718f703197641a76e1b9') in 0.089049 seconds 
========================================================================
Received Import Request.
  Time since last request: 0.000049 seconds.
  path: Assets/PolygonBattleRoyale/Prefabs/Weapons/SM_Wep_Bullet_Ammo_Box_02.prefab
  artifactKey: Guid(18ec3f4f140dca44cad65132c8fcc35e) Importer(815301076,1909f56bfc062723c751e8b465ee728b)
Start importing Assets/PolygonBattleRoyale/Prefabs/Weapons/SM_Wep_Bullet_Ammo_Box_02.prefab using Guid(18ec3f4f140dca44cad65132c8fcc35e) Importer(815301076,1909f56bfc062723c751e8b465ee728b)  -> (artifact id: '6c0bc9c784a0be39913de0b5c17db9b6') in 0.114681 seconds 
========================================================================
Received Import Request.
  Time since last request: 0.000024 seconds.
  path: Assets/PolygonBattleRoyale/Prefabs/Weapons/SM_Wep_Grenade_Launcher_01.prefab
  artifactKey: Guid(b2db02f91acb81c499a6fe0235afc719) Importer(815301076,1909f56bfc062723c751e8b465ee728b)
Start importing Assets/PolygonBattleRoyale/Prefabs/Weapons/SM_Wep_Grenade_Launcher_01.prefab using Guid(b2db02f91acb81c499a6fe0235afc719) Importer(815301076,1909f56bfc062723c751e8b465ee728b)  -> (artifact id: 'a249582d404bda887eca0986fdfb1549') in 0.107741 seconds 
========================================================================
Received Import Request.
  Time since last request: 0.000028 seconds.
  path: Assets/PolygonBattleRoyale/Prefabs/Weapons/SM_Wep_Crosshair_01.prefab
  artifactKey: Guid(b0ebd2945a651384c9cf9aecd052b718) Importer(815301076,1909f56bfc062723c751e8b465ee728b)
Start importing Assets/PolygonBattleRoyale/Prefabs/Weapons/SM_Wep_Crosshair_01.prefab using Guid(b0ebd2945a651384c9cf9aecd052b718) Importer(815301076,1909f56bfc062723c751e8b465ee728b)  -> (artifact id: '8737d77f8f5c5a3f78f2af7a5fbabe44') in 0.129872 seconds 
========================================================================
Received Import Request.
  Time since last request: 0.000037 seconds.
  path: Assets/PolygonBattleRoyale/Prefabs/Weapons/SM_Wep_Attachment_Grip_01.prefab
  artifactKey: Guid(418c1419af0ca2f4aa97e941cad192a1) Importer(815301076,1909f56bfc062723c751e8b465ee728b)
Start importing Assets/PolygonBattleRoyale/Prefabs/Weapons/SM_Wep_Attachment_Grip_01.prefab using Guid(418c1419af0ca2f4aa97e941cad192a1) Importer(815301076,1909f56bfc062723c751e8b465ee728b)  -> (artifact id: '60214391d2d48e00a820fc962a20ea4e') in 0.114201 seconds 
========================================================================
Received Import Request.
  Time since last request: 0.000058 seconds.
  path: Assets/PolygonBattleRoyale/Prefabs/Weapons/SM_Wep_Crosshair_Sniper_01.prefab
  artifactKey: Guid(53b9d63d478bf404aa635a330f18efdc) Importer(815301076,1909f56bfc062723c751e8b465ee728b)
Start importing Assets/PolygonBattleRoyale/Prefabs/Weapons/SM_Wep_Crosshair_Sniper_01.prefab using Guid(53b9d63d478bf404aa635a330f18efdc) Importer(815301076,1909f56bfc062723c751e8b465ee728b)  -> (artifact id: 'd1c827d7bf0ab45b0af330e4b1ea7f69') in 0.102686 seconds 
========================================================================
Received Import Request.
  Time since last request: 0.000148 seconds.
  path: Assets/PolygonBattleRoyale/Prefabs/Weapons/SM_Wep_Pistol_Ammo_01.prefab
  artifactKey: Guid(9316af0d181af92458371185644b6a72) Importer(815301076,1909f56bfc062723c751e8b465ee728b)
Start importing Assets/PolygonBattleRoyale/Prefabs/Weapons/SM_Wep_Pistol_Ammo_01.prefab using Guid(9316af0d181af92458371185644b6a72) Importer(815301076,1909f56bfc062723c751e8b465ee728b)  -> (artifact id: 'aee0b3aabd26a0e37e7eccccef76c370') in 0.090170 seconds 
========================================================================
Received Import Request.
  Time since last request: 0.000042 seconds.
  path: Assets/PolygonBattleRoyale/Prefabs/Weapons/SM_Wep_Pistol_Flare_01.prefab
  artifactKey: Guid(246e2fda4167a7f4a9f9417c6bc5193f) Importer(815301076,1909f56bfc062723c751e8b465ee728b)
Start importing Assets/PolygonBattleRoyale/Prefabs/Weapons/SM_Wep_Pistol_Flare_01.prefab using Guid(246e2fda4167a7f4a9f9417c6bc5193f) Importer(815301076,1909f56bfc062723c751e8b465ee728b)  -> (artifact id: '502a20d16daaf6ced61ef409e4277d70') in 0.099691 seconds 
========================================================================
Received Import Request.
  Time since last request: 0.000028 seconds.
  path: Assets/PolygonBattleRoyale/Prefabs/Weapons/SM_Wep_Pistol_Ammo_Box_01.prefab
  artifactKey: Guid(d2030e1dd6e306449a4df92ccbf93938) Importer(815301076,1909f56bfc062723c751e8b465ee728b)
Start importing Assets/PolygonBattleRoyale/Prefabs/Weapons/SM_Wep_Pistol_Ammo_Box_01.prefab using Guid(d2030e1dd6e306449a4df92ccbf93938) Importer(815301076,1909f56bfc062723c751e8b465ee728b)  -> (artifact id: '661140987110d6df31bb3a048d38a5e3') in 0.125822 seconds 
========================================================================
Received Import Request.
  Time since last request: 0.000043 seconds.
  path: Assets/PolygonBattleRoyale/Prefabs/Weapons/SM_Wep_Attachment_Redot_01.prefab
  artifactKey: Guid(27560bc343f61b84485ebb6b75567dd2) Importer(815301076,1909f56bfc062723c751e8b465ee728b)
Start importing Assets/PolygonBattleRoyale/Prefabs/Weapons/SM_Wep_Attachment_Redot_01.prefab using Guid(27560bc343f61b84485ebb6b75567dd2) Importer(815301076,1909f56bfc062723c751e8b465ee728b)  -> (artifact id: 'd800001a55aa186ba3d165554f6f9d11') in 0.095541 seconds 
========================================================================
Received Import Request.
  Time since last request: 0.000039 seconds.
  path: Assets/PolygonBattleRoyale/Prefabs/Weapons/SM_Wep_Sniper_01.prefab
  artifactKey: Guid(945e4faa3898cfb4d8a0ae7d2a6266ac) Importer(815301076,1909f56bfc062723c751e8b465ee728b)
Start importing Assets/PolygonBattleRoyale/Prefabs/Weapons/SM_Wep_Sniper_01.prefab using Guid(945e4faa3898cfb4d8a0ae7d2a6266ac) Importer(815301076,1909f56bfc062723c751e8b465ee728b)  -> (artifact id: 'ff7f7ec180c9001ab727e47f0714f830') in 0.108899 seconds 
========================================================================
Received Import Request.
  Time since last request: 0.000024 seconds.
  path: Assets/PolygonBattleRoyale/Prefabs/Weapons/SM_Wep_Crosshair_02.prefab
  artifactKey: Guid(65220ff33a543ac45bc528238f48a1c1) Importer(815301076,1909f56bfc062723c751e8b465ee728b)
Start importing Assets/PolygonBattleRoyale/Prefabs/Weapons/SM_Wep_Crosshair_02.prefab using Guid(65220ff33a543ac45bc528238f48a1c1) Importer(815301076,1909f56bfc062723c751e8b465ee728b)  -> (artifact id: '7ffb3d9f4742cd47ea79fc8e0d24679f') in 0.150949 seconds 
========================================================================
Received Import Request.
  Time since last request: 0.000090 seconds.
  path: Assets/PolygonBattleRoyale/Prefabs/Weapons/SM_Wep_Revolver_Snub_01.prefab
  artifactKey: Guid(ee2cb268404949a4fbaadcf58acb29c5) Importer(815301076,1909f56bfc062723c751e8b465ee728b)
Start importing Assets/PolygonBattleRoyale/Prefabs/Weapons/SM_Wep_Revolver_Snub_01.prefab using Guid(ee2cb268404949a4fbaadcf58acb29c5) Importer(815301076,1909f56bfc062723c751e8b465ee728b)  -> (artifact id: '744d2db0007fdc089e2d9f187a919f65') in 0.111104 seconds 
========================================================================
Received Import Request.
  Time since last request: 0.000056 seconds.
  path: Assets/PolygonBattleRoyale/Prefabs/Weapons/SM_Wep_Crosshair_05.prefab
  artifactKey: Guid(0c31ffc58b2b37440831206ec29610b5) Importer(815301076,1909f56bfc062723c751e8b465ee728b)
Start importing Assets/PolygonBattleRoyale/Prefabs/Weapons/SM_Wep_Crosshair_05.prefab using Guid(0c31ffc58b2b37440831206ec29610b5) Importer(815301076,1909f56bfc062723c751e8b465ee728b)  -> (artifact id: '832c9816bc384e2398d5bf1b7b17a9b4') in 0.101671 seconds 
========================================================================
Received Import Request.
  Time since last request: 0.000024 seconds.
  path: Assets/PolygonBattleRoyale/Prefabs/Weapons/SM_Wep_Rifle_Assault_01.prefab
  artifactKey: Guid(be20da268d490c44c8460e91a7cd3a44) Importer(815301076,1909f56bfc062723c751e8b465ee728b)
Start importing Assets/PolygonBattleRoyale/Prefabs/Weapons/SM_Wep_Rifle_Assault_01.prefab using Guid(be20da268d490c44c8460e91a7cd3a44) Importer(815301076,1909f56bfc062723c751e8b465ee728b)  -> (artifact id: '6e0e741be98898849570cd08b7028954') in 0.116821 seconds 
========================================================================
Received Import Request.
  Time since last request: 0.000029 seconds.
  path: Assets/PolygonBattleRoyale/Prefabs/Weapons/SM_Wep_Grenade_Ammo_Box_01.prefab
  artifactKey: Guid(617ad14b82f4de54e8b80e9a3288990f) Importer(815301076,1909f56bfc062723c751e8b465ee728b)
Start importing Assets/PolygonBattleRoyale/Prefabs/Weapons/SM_Wep_Grenade_Ammo_Box_01.prefab using Guid(617ad14b82f4de54e8b80e9a3288990f) Importer(815301076,1909f56bfc062723c751e8b465ee728b)  -> (artifact id: '010cc0c9eaa928da02505f009dcff75c') in 0.115963 seconds 
========================================================================
Received Import Request.
  Time since last request: 0.000042 seconds.
  path: Assets/PolygonBattleRoyale/Prefabs/Weapons/SM_Wep_Rifle_Assault_04.prefab
  artifactKey: Guid(dc24a25ae7542b44ba62b25047680a54) Importer(815301076,1909f56bfc062723c751e8b465ee728b)
Start importing Assets/PolygonBattleRoyale/Prefabs/Weapons/SM_Wep_Rifle_Assault_04.prefab using Guid(dc24a25ae7542b44ba62b25047680a54) Importer(815301076,1909f56bfc062723c751e8b465ee728b)  -> (artifact id: '08c86ec9a1b9fd0dd8da0d8f87987312') in 0.111655 seconds 
========================================================================
Received Import Request.
  Time since last request: 0.000030 seconds.
  path: Assets/PolygonBattleRoyale/Models/SM_Prop_WeaponCase_01_Convex.asset
  artifactKey: Guid(f2df8f9dfc8b5dc44bfb693b13f2435b) Importer(815301076,1909f56bfc062723c751e8b465ee728b)
Start importing Assets/PolygonBattleRoyale/Models/SM_Prop_WeaponCase_01_Convex.asset using Guid(f2df8f9dfc8b5dc44bfb693b13f2435b) Importer(815301076,1909f56bfc062723c751e8b465ee728b)  -> (artifact id: '95a86331632d4c1cce7dd468240b4084') in 0.083853 seconds 
========================================================================
Received Import Request.
  Time since last request: 0.000042 seconds.
  path: Assets/PolygonBattleRoyale/Prefabs/Weapons/SM_Wep_Flare_Ammo_01.prefab
  artifactKey: Guid(afe8052099cab224886ec5c44670dece) Importer(815301076,1909f56bfc062723c751e8b465ee728b)
Start importing Assets/PolygonBattleRoyale/Prefabs/Weapons/SM_Wep_Flare_Ammo_01.prefab using Guid(afe8052099cab224886ec5c44670dece) Importer(815301076,1909f56bfc062723c751e8b465ee728b)  -> (artifact id: 'e1d41d913e8e83fac5ce7107c5e0d736') in 0.086376 seconds 
========================================================================
Received Import Request.
  Time since last request: 0.000047 seconds.
  path: Assets/PolygonBattleRoyale/Prefabs/Weapons/SM_Wep_RPG_01.prefab
  artifactKey: Guid(118c44d3f9a3bcf49a971bc47fc1a5e2) Importer(815301076,1909f56bfc062723c751e8b465ee728b)
Start importing Assets/PolygonBattleRoyale/Prefabs/Weapons/SM_Wep_RPG_01.prefab using Guid(118c44d3f9a3bcf49a971bc47fc1a5e2) Importer(815301076,1909f56bfc062723c751e8b465ee728b)  -> (artifact id: 'be4efca08ae25787e38bbcfb080eece3') in 0.093126 seconds 
========================================================================
Received Import Request.
  Time since last request: 0.000029 seconds.
  path: Assets/PolygonBattleRoyale/Models/Materials/Weapon_Skins_Master_07.mat
  artifactKey: Guid(bbc317ea0139580439ffe00e4ec54135) Importer(815301076,1909f56bfc062723c751e8b465ee728b)
Start importing Assets/PolygonBattleRoyale/Models/Materials/Weapon_Skins_Master_07.mat using Guid(bbc317ea0139580439ffe00e4ec54135) Importer(815301076,1909f56bfc062723c751e8b465ee728b)  -> (artifact id: '56b6f58d26d1e0996da5a33c06dfc7c9') in 0.145067 seconds 
========================================================================
Received Import Request.
  Time since last request: 0.000034 seconds.
  path: Assets/PolygonBattleRoyale/Prefabs/Weapons/SM_Wep_Grenade_Smoke_01.prefab
  artifactKey: Guid(9542e0a3f73ed4c4caa252dddf2fcdc4) Importer(815301076,1909f56bfc062723c751e8b465ee728b)
Start importing Assets/PolygonBattleRoyale/Prefabs/Weapons/SM_Wep_Grenade_Smoke_01.prefab using Guid(9542e0a3f73ed4c4caa252dddf2fcdc4) Importer(815301076,1909f56bfc062723c751e8b465ee728b)  -> (artifact id: '0f48ad750bcc669534bad1fa37503b45') in 0.116355 seconds 
========================================================================
Received Import Request.
  Time since last request: 0.000039 seconds.
  path: Assets/PolygonBattleRoyale/Prefabs/Weapons/SM_Wep_Bat_01.prefab
  artifactKey: Guid(27af943660497544a943e5dc2595eea7) Importer(815301076,1909f56bfc062723c751e8b465ee728b)
Start importing Assets/PolygonBattleRoyale/Prefabs/Weapons/SM_Wep_Bat_01.prefab using Guid(27af943660497544a943e5dc2595eea7) Importer(815301076,1909f56bfc062723c751e8b465ee728b)  -> (artifact id: 'ee7d6d83b964c58ba5a668b501953c91') in 0.092310 seconds 
========================================================================
Received Import Request.
  Time since last request: 0.000029 seconds.
  path: Assets/PolygonBattleRoyale/Prefabs/Weapons/SM_Wep_Bullet_Ammo_Box_01.prefab
  artifactKey: Guid(d7ceda7b4977dfd49b6b551566265733) Importer(815301076,1909f56bfc062723c751e8b465ee728b)
Start importing Assets/PolygonBattleRoyale/Prefabs/Weapons/SM_Wep_Bullet_Ammo_Box_01.prefab using Guid(d7ceda7b4977dfd49b6b551566265733) Importer(815301076,1909f56bfc062723c751e8b465ee728b)  -> (artifact id: 'c70fc0aca56ae53e274ea08c56ce8243') in 0.087475 seconds 
========================================================================
Received Import Request.
  Time since last request: 0.000023 seconds.
  path: Assets/PolygonBattleRoyale/Prefabs/Weapons/SM_Wep_Rifle_Assault_05.prefab
  artifactKey: Guid(04e8ca980b4beed48979d827d8250fb4) Importer(815301076,1909f56bfc062723c751e8b465ee728b)
Start importing Assets/PolygonBattleRoyale/Prefabs/Weapons/SM_Wep_Rifle_Assault_05.prefab using Guid(04e8ca980b4beed48979d827d8250fb4) Importer(815301076,1909f56bfc062723c751e8b465ee728b)  -> (artifact id: '338d4cda642cef3b1c811493118ba013') in 0.114080 seconds 
========================================================================
Received Import Request.
  Time since last request: 0.000028 seconds.
  path: Assets/PolygonBattleRoyale/Prefabs/Weapons/SM_Wep_Fireaxe_01.prefab
  artifactKey: Guid(c59e08db54612244384ff025bbac7d3f) Importer(815301076,1909f56bfc062723c751e8b465ee728b)
Start importing Assets/PolygonBattleRoyale/Prefabs/Weapons/SM_Wep_Fireaxe_01.prefab using Guid(c59e08db54612244384ff025bbac7d3f) Importer(815301076,1909f56bfc062723c751e8b465ee728b)  -> (artifact id: '514c02bd399a861012a111e0870bd35b') in 0.133744 seconds 
========================================================================
Received Import Request.
  Time since last request: 0.000044 seconds.
  path: Assets/PolygonBattleRoyale/Prefabs/Weapons/SM_Wep_Grenade_01.prefab
  artifactKey: Guid(1ddc1d0c706325d4ab53c03f00f0520d) Importer(815301076,1909f56bfc062723c751e8b465ee728b)
Start importing Assets/PolygonBattleRoyale/Prefabs/Weapons/SM_Wep_Grenade_01.prefab using Guid(1ddc1d0c706325d4ab53c03f00f0520d) Importer(815301076,1909f56bfc062723c751e8b465ee728b)  -> (artifact id: '9698df7e72d00d2ce30063377ef157df') in 0.100897 seconds 
========================================================================
Received Import Request.
  Time since last request: 0.000054 seconds.
  path: Assets/PolygonBattleRoyale/Prefabs/Weapons/SM_Wep_Attachment_Silencer_01.prefab
  artifactKey: Guid(0f491f9de5dd9b04d84663b053e837cc) Importer(815301076,1909f56bfc062723c751e8b465ee728b)
Start importing Assets/PolygonBattleRoyale/Prefabs/Weapons/SM_Wep_Attachment_Silencer_01.prefab using Guid(0f491f9de5dd9b04d84663b053e837cc) Importer(815301076,1909f56bfc062723c751e8b465ee728b)  -> (artifact id: '9ebfc2bae34d5eb806577abe9a8f39dc') in 0.133831 seconds 
========================================================================
Received Import Request.
  Time since last request: 0.000038 seconds.
  path: Assets/PolygonBattleRoyale/Prefabs/Weapons/SM_Wep_RPG_Rocket_Active_01.prefab
  artifactKey: Guid(109d2cf8b02cb1b498b03bb4b6ee117d) Importer(815301076,1909f56bfc062723c751e8b465ee728b)
Start importing Assets/PolygonBattleRoyale/Prefabs/Weapons/SM_Wep_RPG_Rocket_Active_01.prefab using Guid(109d2cf8b02cb1b498b03bb4b6ee117d) Importer(815301076,1909f56bfc062723c751e8b465ee728b)  -> (artifact id: 'ee260ed3764a2d54e155a50a048ac91d') in 0.138895 seconds 
========================================================================
Received Import Request.
  Time since last request: 0.000050 seconds.
  path: Assets/PolygonBattleRoyale/Prefabs/Weapons/SM_Wep_Sniper_Heavy_01.prefab
  artifactKey: Guid(0605ab4140367474f95034dcf2790b07) Importer(815301076,1909f56bfc062723c751e8b465ee728b)
Start importing Assets/PolygonBattleRoyale/Prefabs/Weapons/SM_Wep_Sniper_Heavy_01.prefab using Guid(0605ab4140367474f95034dcf2790b07) Importer(815301076,1909f56bfc062723c751e8b465ee728b)  -> (artifact id: '50dd35677672bc629506f9986dd09844') in 0.076434 seconds 
========================================================================
Received Import Request.
  Time since last request: 0.000037 seconds.
  path: Assets/PolygonBattleRoyale/Prefabs/Weapons/SM_Wep_Sniper_Mil_01.prefab
  artifactKey: Guid(0dadc2722297b3044b16aa695fd8ee62) Importer(815301076,1909f56bfc062723c751e8b465ee728b)
Start importing Assets/PolygonBattleRoyale/Prefabs/Weapons/SM_Wep_Sniper_Mil_01.prefab using Guid(0dadc2722297b3044b16aa695fd8ee62) Importer(815301076,1909f56bfc062723c751e8b465ee728b)  -> (artifact id: '2605a7e59e8d470830255696fa972b1a') in 0.153169 seconds 
========================================================================
Received Import Request.
  Time since last request: 0.000124 seconds.
  path: Assets/PolygonBattleRoyale/Prefabs/Weapons/SM_Wep_Sniper_Lite_01.prefab
  artifactKey: Guid(0eea16a93a3714247bedd5ce3e43849c) Importer(815301076,1909f56bfc062723c751e8b465ee728b)
Start importing Assets/PolygonBattleRoyale/Prefabs/Weapons/SM_Wep_Sniper_Lite_01.prefab using Guid(0eea16a93a3714247bedd5ce3e43849c) Importer(815301076,1909f56bfc062723c751e8b465ee728b)  -> (artifact id: 'f34cd729bc2abe37cec6588afce87f74') in 0.105240 seconds 
========================================================================
Received Prepare
Registering precompiled user dll's ...
Registered in 0.010266 seconds.
Begin MonoManager ReloadAssembly
Native extension for WindowsStandalone target not found
Native extension for WebGL target not found
Refreshing native plugins compatible for Editor in 0.92 ms, found 2 plugins.
Preloading 0 native plugins for Editor in 0.00 ms.
Mono: successfully reloaded assembly
- Completed reload, in 16.763 seconds
Domain Reload Profiling:
	ReloadAssembly (16773ms)
		BeginReloadAssembly (219ms)
			ExecutionOrderSort (0ms)
			DisableScriptedObjects (7ms)
			BackupInstance (0ms)
			ReleaseScriptingObjects (2ms)
			CreateAndSetChildDomain (57ms)
		EndReloadAssembly (16355ms)
			LoadAssemblies (148ms)
			RebuildTransferFunctionScriptingTraits (0ms)
			SetupTypeCache (366ms)
			ReleaseScriptCaches (1ms)
			RebuildScriptCaches (80ms)
			SetupLoadedEditorAssemblies (13814ms)
				LogAssemblyErrors (0ms)
				InitializePlatformSupportModulesInManaged (116ms)
				SetLoadedEditorAssemblies (1ms)
				RefreshPlugins (1ms)
				BeforeProcessingInitializeOnLoad (906ms)
				ProcessInitializeOnLoadAttributes (10993ms)
				ProcessInitializeOnLoadMethodAttributes (1403ms)
				AfterProcessingInitializeOnLoad (393ms)
				EditorAssembliesLoaded (1ms)
			ExecutionOrderSort2 (0ms)
			AwakeInstancesAfterBackupRestoration (202ms)
Platform modules already initialized, skipping
Refreshing native plugins compatible for Editor in 32.78 ms, found 2 plugins.
Preloading 0 native plugins for Editor in 0.00 ms.
Unloading 2030 Unused Serialized files (Serialized files now loaded: 0)
Unloading 31 unused Assets / (1.3 MB). Loaded Objects now: 2590.
Memory consumption went from 170.8 MB to 169.5 MB.
Total: 32.816400 ms (FindLiveObjects: 1.563300 ms CreateObjectMapping: 1.094900 ms MarkObjects: 27.448100 ms  DeleteObjects: 2.702000 ms)

AssetImportParameters requested are different than current active one (requested -> active):
  custom:video-decoder-ogg-theora: a1e56fd34408186e4bbccfd4996cb3dc -> 
  custom:container-muxer-webm: aa71ff27fc2769a1b78a27578f13a17b -> 
  custom:container-demuxer-webm: 4f35f7cbe854078d1ac9338744f61a02 -> 
  custom:video-encoder-webm-vp8: eb34c28f22e8b96e1ab97ce403110664 -> 
  custom:video-codec-MediaFoundation-h265: 746d11721c4dcdbdad8f713fa42b33f4 -> 
  custom:audio-encoder-webm-vorbis: bf7c407c2cedff20999df2af8eb42d56 -> 
  custom:framework-win-MediaFoundation: 216162199b28c13a410421893ffa2e32 -> 
  custom:container-demuxer-ogg: 62fdf1f143b41e24485cea50d1cbac27 -> 
  custom:video-decoder-webm-vp8: 9c59270c3fd7afecdb556c50c9e8de78 -> 
  custom:audio-decoder-ogg-vorbis: bf7c407c2cedff20999df2af8eb42d56 -> 
========================================================================
Received Prepare
Registering precompiled user dll's ...
Registered in 0.010249 seconds.
Begin MonoManager ReloadAssembly
Native extension for WindowsStandalone target not found
Native extension for WebGL target not found
Refreshing native plugins compatible for Editor in 3.18 ms, found 2 plugins.
Preloading 0 native plugins for Editor in 0.00 ms.
Mono: successfully reloaded assembly
- Completed reload, in  4.732 seconds
Domain Reload Profiling:
	ReloadAssembly (4738ms)
		BeginReloadAssembly (189ms)
			ExecutionOrderSort (0ms)
			DisableScriptedObjects (11ms)
			BackupInstance (0ms)
			ReleaseScriptingObjects (0ms)
			CreateAndSetChildDomain (51ms)
		EndReloadAssembly (4357ms)
			LoadAssemblies (126ms)
			RebuildTransferFunctionScriptingTraits (0ms)
			SetupTypeCache (316ms)
			ReleaseScriptCaches (1ms)
			RebuildScriptCaches (65ms)
			SetupLoadedEditorAssemblies (3340ms)
				LogAssemblyErrors (0ms)
				InitializePlatformSupportModulesInManaged (161ms)
				SetLoadedEditorAssemblies (3ms)
				RefreshPlugins (4ms)
				BeforeProcessingInitializeOnLoad (429ms)
				ProcessInitializeOnLoadAttributes (2167ms)
				ProcessInitializeOnLoadMethodAttributes (452ms)
				AfterProcessingInitializeOnLoad (122ms)
				EditorAssembliesLoaded (2ms)
			ExecutionOrderSort2 (0ms)
			AwakeInstancesAfterBackupRestoration (63ms)
Platform modules already initialized, skipping
Refreshing native plugins compatible for Editor in 20.43 ms, found 2 plugins.
Preloading 0 native plugins for Editor in 0.00 ms.
Unloading 2030 Unused Serialized files (Serialized files now loaded: 0)
Unloading 31 unused Assets / (1.3 MB). Loaded Objects now: 2594.
Memory consumption went from 170.8 MB to 169.5 MB.
Total: 47.643800 ms (FindLiveObjects: 4.922700 ms CreateObjectMapping: 8.242400 ms MarkObjects: 30.851000 ms  DeleteObjects: 3.617600 ms)

AssetImportParameters requested are different than current active one (requested -> active):
  custom:video-decoder-ogg-theora: a1e56fd34408186e4bbccfd4996cb3dc -> 
  custom:container-muxer-webm: aa71ff27fc2769a1b78a27578f13a17b -> 
  custom:container-demuxer-webm: 4f35f7cbe854078d1ac9338744f61a02 -> 
  custom:video-encoder-webm-vp8: eb34c28f22e8b96e1ab97ce403110664 -> 
  custom:video-codec-MediaFoundation-h265: 746d11721c4dcdbdad8f713fa42b33f4 -> 
  custom:audio-encoder-webm-vorbis: bf7c407c2cedff20999df2af8eb42d56 -> 
  custom:framework-win-MediaFoundation: 216162199b28c13a410421893ffa2e32 -> 
  custom:container-demuxer-ogg: 62fdf1f143b41e24485cea50d1cbac27 -> 
  custom:video-decoder-webm-vp8: 9c59270c3fd7afecdb556c50c9e8de78 -> 
  custom:audio-decoder-ogg-vorbis: bf7c407c2cedff20999df2af8eb42d56 -> 
========================================================================
Received Prepare
Registering precompiled user dll's ...
Registered in 0.009333 seconds.
Begin MonoManager ReloadAssembly
Native extension for WindowsStandalone target not found
Native extension for WebGL target not found
Refreshing native plugins compatible for Editor in 0.75 ms, found 2 plugins.
Preloading 0 native plugins for Editor in 0.00 ms.
Mono: successfully reloaded assembly
- Completed reload, in  4.322 seconds
Domain Reload Profiling:
	ReloadAssembly (4326ms)
		BeginReloadAssembly (191ms)
			ExecutionOrderSort (0ms)
			DisableScriptedObjects (8ms)
			BackupInstance (0ms)
			ReleaseScriptingObjects (0ms)
			CreateAndSetChildDomain (50ms)
		EndReloadAssembly (3960ms)
			LoadAssemblies (129ms)
			RebuildTransferFunctionScriptingTraits (0ms)
			SetupTypeCache (350ms)
			ReleaseScriptCaches (1ms)
			RebuildScriptCaches (67ms)
			SetupLoadedEditorAssemblies (3112ms)
				LogAssemblyErrors (0ms)
				InitializePlatformSupportModulesInManaged (21ms)
				SetLoadedEditorAssemblies (1ms)
				RefreshPlugins (1ms)
				BeforeProcessingInitializeOnLoad (226ms)
				ProcessInitializeOnLoadAttributes (2326ms)
				ProcessInitializeOnLoadMethodAttributes (444ms)
				AfterProcessingInitializeOnLoad (93ms)
				EditorAssembliesLoaded (1ms)
			ExecutionOrderSort2 (0ms)
			AwakeInstancesAfterBackupRestoration (86ms)
Platform modules already initialized, skipping
Refreshing native plugins compatible for Editor in 22.46 ms, found 2 plugins.
Preloading 0 native plugins for Editor in 0.00 ms.
Unloading 2030 Unused Serialized files (Serialized files now loaded: 0)
Unloading 31 unused Assets / (1.3 MB). Loaded Objects now: 2598.
Memory consumption went from 170.8 MB to 169.5 MB.
Total: 21.846800 ms (FindLiveObjects: 1.976000 ms CreateObjectMapping: 1.298800 ms MarkObjects: 15.623500 ms  DeleteObjects: 2.944600 ms)

AssetImportParameters requested are different than current active one (requested -> active):
  custom:video-decoder-ogg-theora: a1e56fd34408186e4bbccfd4996cb3dc -> 
  custom:container-muxer-webm: aa71ff27fc2769a1b78a27578f13a17b -> 
  custom:container-demuxer-webm: 4f35f7cbe854078d1ac9338744f61a02 -> 
  custom:video-encoder-webm-vp8: eb34c28f22e8b96e1ab97ce403110664 -> 
  custom:video-codec-MediaFoundation-h265: 746d11721c4dcdbdad8f713fa42b33f4 -> 
  custom:audio-encoder-webm-vorbis: bf7c407c2cedff20999df2af8eb42d56 -> 
  custom:framework-win-MediaFoundation: 216162199b28c13a410421893ffa2e32 -> 
  custom:container-demuxer-ogg: 62fdf1f143b41e24485cea50d1cbac27 -> 
  custom:video-decoder-webm-vp8: 9c59270c3fd7afecdb556c50c9e8de78 -> 
  custom:audio-decoder-ogg-vorbis: bf7c407c2cedff20999df2af8eb42d56 -> 
========================================================================
Received Prepare
Registering precompiled user dll's ...
Registered in 0.007786 seconds.
Begin MonoManager ReloadAssembly
Native extension for WindowsStandalone target not found
Native extension for WebGL target not found
Refreshing native plugins compatible for Editor in 2.98 ms, found 2 plugins.
Preloading 0 native plugins for Editor in 0.00 ms.
Mono: successfully reloaded assembly
- Completed reload, in  4.670 seconds
Domain Reload Profiling:
	ReloadAssembly (4675ms)
		BeginReloadAssembly (200ms)
			ExecutionOrderSort (0ms)
			DisableScriptedObjects (13ms)
			BackupInstance (0ms)
			ReleaseScriptingObjects (0ms)
			CreateAndSetChildDomain (47ms)
		EndReloadAssembly (4294ms)
			LoadAssemblies (123ms)
			RebuildTransferFunctionScriptingTraits (0ms)
			SetupTypeCache (349ms)
			ReleaseScriptCaches (1ms)
			RebuildScriptCaches (55ms)
			SetupLoadedEditorAssemblies (3236ms)
				LogAssemblyErrors (0ms)
				InitializePlatformSupportModulesInManaged (104ms)
				SetLoadedEditorAssemblies (4ms)
				RefreshPlugins (3ms)
				BeforeProcessingInitializeOnLoad (411ms)
				ProcessInitializeOnLoadAttributes (2226ms)
				ProcessInitializeOnLoadMethodAttributes (370ms)
				AfterProcessingInitializeOnLoad (116ms)
				EditorAssembliesLoaded (1ms)
			ExecutionOrderSort2 (0ms)
			AwakeInstancesAfterBackupRestoration (63ms)
Platform modules already initialized, skipping
Refreshing native plugins compatible for Editor in 19.09 ms, found 2 plugins.
Preloading 0 native plugins for Editor in 0.00 ms.
Unloading 2030 Unused Serialized files (Serialized files now loaded: 0)
Unloading 31 unused Assets / (1.4 MB). Loaded Objects now: 2602.
Memory consumption went from 170.9 MB to 169.5 MB.
Total: 34.135200 ms (FindLiveObjects: 1.717600 ms CreateObjectMapping: 1.597000 ms MarkObjects: 29.154500 ms  DeleteObjects: 1.653600 ms)

AssetImportParameters requested are different than current active one (requested -> active):
  custom:video-decoder-ogg-theora: a1e56fd34408186e4bbccfd4996cb3dc -> 
  custom:container-muxer-webm: aa71ff27fc2769a1b78a27578f13a17b -> 
  custom:container-demuxer-webm: 4f35f7cbe854078d1ac9338744f61a02 -> 
  custom:video-encoder-webm-vp8: eb34c28f22e8b96e1ab97ce403110664 -> 
  custom:video-codec-MediaFoundation-h265: 746d11721c4dcdbdad8f713fa42b33f4 -> 
  custom:audio-encoder-webm-vorbis: bf7c407c2cedff20999df2af8eb42d56 -> 
  custom:framework-win-MediaFoundation: 216162199b28c13a410421893ffa2e32 -> 
  custom:container-demuxer-ogg: 62fdf1f143b41e24485cea50d1cbac27 -> 
  custom:video-decoder-webm-vp8: 9c59270c3fd7afecdb556c50c9e8de78 -> 
  custom:audio-decoder-ogg-vorbis: bf7c407c2cedff20999df2af8eb42d56 -> 
========================================================================
Received Prepare
Registering precompiled user dll's ...
Registered in 0.007393 seconds.
Begin MonoManager ReloadAssembly
Native extension for WindowsStandalone target not found
Native extension for WebGL target not found
Refreshing native plugins compatible for Editor in 0.80 ms, found 2 plugins.
Preloading 0 native plugins for Editor in 0.00 ms.
Mono: successfully reloaded assembly
- Completed reload, in  4.703 seconds
Domain Reload Profiling:
	ReloadAssembly (4707ms)
		BeginReloadAssembly (200ms)
			ExecutionOrderSort (0ms)
			DisableScriptedObjects (8ms)
			BackupInstance (0ms)
			ReleaseScriptingObjects (0ms)
			CreateAndSetChildDomain (47ms)
		EndReloadAssembly (4328ms)
			LoadAssemblies (132ms)
			RebuildTransferFunctionScriptingTraits (0ms)
			SetupTypeCache (333ms)
			ReleaseScriptCaches (2ms)
			RebuildScriptCaches (135ms)
			SetupLoadedEditorAssemblies (3130ms)
				LogAssemblyErrors (0ms)
				InitializePlatformSupportModulesInManaged (28ms)
				SetLoadedEditorAssemblies (1ms)
				RefreshPlugins (1ms)
				BeforeProcessingInitializeOnLoad (284ms)
				ProcessInitializeOnLoadAttributes (2682ms)
				ProcessInitializeOnLoadMethodAttributes (102ms)
				AfterProcessingInitializeOnLoad (30ms)
				EditorAssembliesLoaded (1ms)
			ExecutionOrderSort2 (0ms)
			AwakeInstancesAfterBackupRestoration (80ms)
Platform modules already initialized, skipping
Refreshing native plugins compatible for Editor in 16.91 ms, found 2 plugins.
Preloading 0 native plugins for Editor in 0.00 ms.
Unloading 2030 Unused Serialized files (Serialized files now loaded: 0)
Unloading 31 unused Assets / (1.3 MB). Loaded Objects now: 2606.
Memory consumption went from 170.8 MB to 169.4 MB.
Total: 16.784700 ms (FindLiveObjects: 1.596600 ms CreateObjectMapping: 0.661000 ms MarkObjects: 12.960600 ms  DeleteObjects: 1.560300 ms)

AssetImportParameters requested are different than current active one (requested -> active):
  custom:video-decoder-ogg-theora: a1e56fd34408186e4bbccfd4996cb3dc -> 
  custom:container-muxer-webm: aa71ff27fc2769a1b78a27578f13a17b -> 
  custom:container-demuxer-webm: 4f35f7cbe854078d1ac9338744f61a02 -> 
  custom:video-encoder-webm-vp8: eb34c28f22e8b96e1ab97ce403110664 -> 
  custom:video-codec-MediaFoundation-h265: 746d11721c4dcdbdad8f713fa42b33f4 -> 
  custom:audio-encoder-webm-vorbis: bf7c407c2cedff20999df2af8eb42d56 -> 
  custom:framework-win-MediaFoundation: 216162199b28c13a410421893ffa2e32 -> 
  custom:container-demuxer-ogg: 62fdf1f143b41e24485cea50d1cbac27 -> 
  custom:video-decoder-webm-vp8: 9c59270c3fd7afecdb556c50c9e8de78 -> 
  custom:audio-decoder-ogg-vorbis: bf7c407c2cedff20999df2af8eb42d56 -> 
========================================================================
Received Prepare
Registering precompiled user dll's ...
Registered in 0.010219 seconds.
Begin MonoManager ReloadAssembly
Native extension for WindowsStandalone target not found
Native extension for WebGL target not found
Refreshing native plugins compatible for Editor in 2.80 ms, found 2 plugins.
Preloading 0 native plugins for Editor in 0.00 ms.
Mono: successfully reloaded assembly
- Completed reload, in  4.367 seconds
Domain Reload Profiling:
	ReloadAssembly (4368ms)
		BeginReloadAssembly (183ms)
			ExecutionOrderSort (0ms)
			DisableScriptedObjects (10ms)
			BackupInstance (0ms)
			ReleaseScriptingObjects (0ms)
			CreateAndSetChildDomain (47ms)
		EndReloadAssembly (4003ms)
			LoadAssemblies (114ms)
			RebuildTransferFunctionScriptingTraits (0ms)
			SetupTypeCache (342ms)
			ReleaseScriptCaches (2ms)
			RebuildScriptCaches (58ms)
			SetupLoadedEditorAssemblies (3091ms)
				LogAssemblyErrors (0ms)
				InitializePlatformSupportModulesInManaged (127ms)
				SetLoadedEditorAssemblies (3ms)
				RefreshPlugins (3ms)
				BeforeProcessingInitializeOnLoad (473ms)
				ProcessInitializeOnLoadAttributes (2005ms)
				ProcessInitializeOnLoadMethodAttributes (431ms)
				AfterProcessingInitializeOnLoad (46ms)
				EditorAssembliesLoaded (3ms)
			ExecutionOrderSort2 (0ms)
			AwakeInstancesAfterBackupRestoration (84ms)
Platform modules already initialized, skipping
Refreshing native plugins compatible for Editor in 28.36 ms, found 2 plugins.
Preloading 0 native plugins for Editor in 0.00 ms.
Unloading 2030 Unused Serialized files (Serialized files now loaded: 0)
Unloading 31 unused Assets / (1.4 MB). Loaded Objects now: 2610.
Memory consumption went from 170.9 MB to 169.5 MB.
Total: 17.054000 ms (FindLiveObjects: 0.609600 ms CreateObjectMapping: 0.850400 ms MarkObjects: 12.253900 ms  DeleteObjects: 3.336200 ms)

AssetImportParameters requested are different than current active one (requested -> active):
  custom:video-decoder-ogg-theora: a1e56fd34408186e4bbccfd4996cb3dc -> 
  custom:container-muxer-webm: aa71ff27fc2769a1b78a27578f13a17b -> 
  custom:container-demuxer-webm: 4f35f7cbe854078d1ac9338744f61a02 -> 
  custom:video-encoder-webm-vp8: eb34c28f22e8b96e1ab97ce403110664 -> 
  custom:video-codec-MediaFoundation-h265: 746d11721c4dcdbdad8f713fa42b33f4 -> 
  custom:audio-encoder-webm-vorbis: bf7c407c2cedff20999df2af8eb42d56 -> 
  custom:framework-win-MediaFoundation: 216162199b28c13a410421893ffa2e32 -> 
  custom:container-demuxer-ogg: 62fdf1f143b41e24485cea50d1cbac27 -> 
  custom:video-decoder-webm-vp8: 9c59270c3fd7afecdb556c50c9e8de78 -> 
  custom:audio-decoder-ogg-vorbis: bf7c407c2cedff20999df2af8eb42d56 -> 
